#
# A fatal error has been detected by the Java Runtime Environment:
#
#  EXCEPTION_ACCESS_VIOLATION (0xc0000005) at pc=0x00007ffd4460c4a9, pid=20632, tid=17360
#
# JRE version: Java(TM) SE Runtime Environment (16.0.2+7) (build 16.0.2+7-67)
# Java VM: Java HotSpot(TM) 64-Bit Server VM (16.0.2+7-67, mixed mode, sharing, tiered, compressed oops, compressed class ptrs, g1 gc, windows-amd64)
# Problematic frame:
# C  [lwjgl_opengl.dll+0xc4a9]
#
# No core dump will be written. Minidumps are not enabled by default on client versions of Windows
#
# If you would like to submit a bug report, please visit:
#   https://bugreport.java.com/bugreport/crash.jsp
# The crash happened outside the Java Virtual Machine in native code.
# See problematic frame for where to report the bug.
#

---------------  S U M M A R Y ------------

Command Line: -Dfile.encoding=UTF-8 -XX:+ShowCodeDetailsInExceptionMessages com.casmoopengl.test.Launcher

Host: Intel(R) Core(TM) i5-10400F CPU @ 2.90GHz, 12 cores, 15G,  Windows 10 , 64 bit Build 19041 (10.0.19041.928)
Time: Mon Aug  1 16:58:00 2022 Türkiye Standart Saati elapsed time: 0.424894 seconds (0d 0h 0m 0s)

---------------  T H R E A D  ---------------

Current thread (0x000002da3bc05130):  JavaThread "main" [_thread_in_native, id=17360, stack(0x000000f860d00000,0x000000f860e00000)]

Stack: [0x000000f860d00000,0x000000f860e00000],  sp=0x000000f860dff4a8,  free space=1021k
Native frames: (J=compiled Java code, j=interpreted, Vv=VM code, C=native code)
C  [lwjgl_opengl.dll+0xc4a9]

Java frames: (J=compiled Java code, j=interpreted, Vv=VM code)
j  org.lwjgl.opengl.GL11C.glClearColor(FFFF)V+0
j  org.lwjgl.opengl.GL11.glClearColor(FFFF)V+4
j  com.casmoopengl.renderengine.Display.init(I)V+242
j  com.casmoopengl.renderengine.EngineM.init()V+34
j  com.casmoopengl.renderengine.EngineM.start()V+1
j  com.casmoopengl.test.Launcher.main([Ljava/lang/String;)V+65
v  ~StubRoutines::call_stub

siginfo: EXCEPTION_ACCESS_VIOLATION (0xc0000005), reading address 0x0000000000000070


Register to memory mapping:

RIP=0x00007ffd4460c4a9 lwjgl_opengl.dll
RAX=0x000002da62026410 points into unknown readable memory: 0x0000000000000000 | 00 00 00 00 00 00 00 00
RBX={method} {0x000002da615a7940} 'glClearColor' '(FFFF)V' in 'org/lwjgl/opengl/GL11C'
RCX=0x0 is NULL
RDX=0x000000f860dff548 is pointing into the stack for thread: 0x000002da3bc05130
RSP=0x000000f860dff4a8 is pointing into the stack for thread: 0x000002da3bc05130
RBP=0x000000f860dff538 is pointing into the stack for thread: 0x000002da3bc05130
RSI=0x000000000000049e is an unknown value
RDI=0x000002da44b79512 is at code_begin+1138 in an Interpreter codelet
return entry points  [0x000002da44b790a0, 0x000002da44b79be0]  2880 bytes
R8 =0x0000000000000002 is an unknown value
R9 =0x0000000000000002 is an unknown value
R10=0x000002da44b7dcf3 is at code_begin+979 in an Interpreter codelet
method entry point (kind = native)  [0x000002da44b7d920, 0x000002da44b7e300]  2528 bytes
R11=0x000000071008a310 is an oop: java.lang.Class 
{0x000000071008a310} - klass: 'java/lang/Class'
R12=0x0 is NULL
R13=0x000002da615a7930 is pointing into metadata
R14=0x000000f860dff570 is pointing into the stack for thread: 0x000002da3bc05130
R15=0x000002da3bc05130 is a thread


Registers:
RAX=0x000002da62026410, RBX=0x000002da615a7938, RCX=0x0000000000000000, RDX=0x000000f860dff548
RSP=0x000000f860dff4a8, RBP=0x000000f860dff538, RSI=0x000000000000049e, RDI=0x000002da44b79512
R8 =0x0000000000000002, R9 =0x0000000000000002, R10=0x000002da44b7dcf3, R11=0x000000071008a310
R12=0x0000000000000000, R13=0x000002da615a7930, R14=0x000000f860dff570, R15=0x000002da3bc05130
RIP=0x00007ffd4460c4a9, EFLAGS=0x0000000000010202

Top of Stack: (sp=0x000000f860dff4a8)
0x000000f860dff4a8:   000002da44b7dd22 000002da44b79512
0x000000f860dff4b8:   000002da44b7da1c 000002da615a7938
0x000000f860dff4c8:   000000000000049e 3ff0000000000000
0x000000f860dff4d8:   000002da00000000 000002da3bc05130
0x000000f860dff4e8:   000002da44b7d9d6 000000f860dff4f0
0x000000f860dff4f8:   000002da615a7930 000000f860dff570
0x000000f860dff508:   000002da615aeb30 0000000000000000
0x000000f860dff518:   000000071008a310 000002da615a7938
0x000000f860dff528:   0000000000000000 000000f860dff558
0x000000f860dff538:   000000f860dff5c0 000002da44b79512
0x000000f860dff548:   000000071008a310 000002da44b7b2d8
0x000000f860dff558:   0000000000000000 0000000000000000
0x000000f860dff568:   000002da00000000 000002da00000000
0x000000f860dff578:   000000f860dff578 000002da6156aa54
0x000000f860dff588:   000000f860dff5e8 000002da615939a0
0x000000f860dff598:   0000000000000000 00000007103e9380 

Instructions: (pc=0x00007ffd4460c4a9)
0x00007ffd4460c3a9:   cc cc cc cc cc cc cc 48 8b 01 49 8b c8 48 8b 50
0x00007ffd4460c3b9:   18 48 ff a2 60 0a 00 00 cc cc cc cc cc cc cc cc
0x00007ffd4460c3c9:   cc cc cc cc cc cc cc 48 8b 01 49 8b c8 48 8b 50
0x00007ffd4460c3d9:   18 48 ff a2 68 0a 00 00 cc cc cc cc cc cc cc cc
0x00007ffd4460c3e9:   cc cc cc cc cc cc cc 40 53 48 8b 01 41 8b d8 44
0x00007ffd4460c3f9:   8b 44 24 30 41 8b d1 4c 8b 4c 24 38 8b cb 4c 8b
0x00007ffd4460c409:   50 18 5b 49 ff a2 70 0a 00 00 cc cc cc cc cc cc
0x00007ffd4460c419:   cc cc cc cc cc cc cc 48 8b 01 41 8b c8 48 8b 50
0x00007ffd4460c429:   18 48 ff 22 cc cc cc 48 8b 01 41 8b c8 48 8b 50
0x00007ffd4460c439:   18 48 ff 62 08 cc cc 48 8b 01 41 8b d1 41 8b c8
0x00007ffd4460c449:   4c 8b 50 18 49 ff 62 38 cc cc cc cc cc cc cc cc
0x00007ffd4460c459:   cc cc cc cc cc cc cc 48 8b 01 41 8b d1 41 8b c8
0x00007ffd4460c469:   4c 8b 50 18 49 ff 62 48 cc cc cc cc cc cc cc cc
0x00007ffd4460c479:   cc cc cc cc cc cc cc 48 8b 01 41 8b c8 48 8b 50
0x00007ffd4460c489:   18 48 ff 62 60 cc cc 48 8b 01 0f 28 cb f3 0f 10
0x00007ffd4460c499:   5c 24 30 0f 28 c2 f3 0f 10 54 24 28 48 8b 48 18
0x00007ffd4460c4a9:   48 ff 61 70 cc cc cc 48 8b 01 0f 28 c2 48 8b 48
0x00007ffd4460c4b9:   18 48 ff 61 78 cc cc 48 8b 01 41 8b c8 48 8b 50
0x00007ffd4460c4c9:   18 48 ff a2 88 00 00 00 cc cc cc cc cc cc cc cc
0x00007ffd4460c4d9:   cc cc cc cc cc cc cc 40 53 48 8b 01 41 0f b6 d8
0x00007ffd4460c4e9:   44 0f b6 44 24 30 41 0f b6 d1 44 0f b6 4c 24 38
0x00007ffd4460c4f9:   0f b6 cb 4c 8b 50 18 5b 49 ff a2 98 01 00 00 cc
0x00007ffd4460c509:   cc cc cc cc cc cc cc 48 8b 01 41 8b c8 48 8b 50
0x00007ffd4460c519:   18 48 ff a2 b8 01 00 00 cc cc cc cc cc cc cc cc
0x00007ffd4460c529:   cc cc cc cc cc cc cc 48 8b 01 41 8b c8 48 8b 50
0x00007ffd4460c539:   18 48 ff a2 c8 01 00 00 cc cc cc cc cc cc cc cc
0x00007ffd4460c549:   cc cc cc cc cc cc cc 48 8b 01 41 0f b6 c8 48 8b
0x00007ffd4460c559:   50 18 48 ff a2 d0 01 00 00 cc cc cc cc cc cc cc
0x00007ffd4460c569:   cc cc cc cc cc cc cc 48 8b 01 0f 28 cb 0f 28 c2
0x00007ffd4460c579:   48 8b 48 18 48 ff a1 d8 01 00 00 cc cc cc cc cc
0x00007ffd4460c589:   cc cc cc cc cc cc cc 48 8b 01 45 8b d8 44 8b 44
0x00007ffd4460c599:   24 28 41 8b d1 41 8b cb 4c 8b 50 18 49 ff a2 e8 


Stack slot to memory mapping:
stack at sp + 0 slots: 0x000002da44b7dd22 is at code_begin+1026 in an Interpreter codelet
method entry point (kind = native)  [0x000002da44b7d920, 0x000002da44b7e300]  2528 bytes
stack at sp + 1 slots: 0x000002da44b79512 is at code_begin+1138 in an Interpreter codelet
return entry points  [0x000002da44b790a0, 0x000002da44b79be0]  2880 bytes
stack at sp + 2 slots: 0x000002da44b7da1c is at code_begin+252 in an Interpreter codelet
method entry point (kind = native)  [0x000002da44b7d920, 0x000002da44b7e300]  2528 bytes
stack at sp + 3 slots: {method} {0x000002da615a7940} 'glClearColor' '(FFFF)V' in 'org/lwjgl/opengl/GL11C'
stack at sp + 4 slots: 0x000000000000049e is an unknown value
stack at sp + 5 slots: 0x3ff0000000000000 is an unknown value
stack at sp + 6 slots: 0x000002da00000000 is an unknown value
stack at sp + 7 slots: 0x000002da3bc05130 is a thread


---------------  P R O C E S S  ---------------

Threads class SMR info:
_java_thread_list=0x000002da61a43ce0, length=12, elements={
0x000002da3bc05130, 0x000002da60cabe70, 0x000002da60cad1e0, 0x000002da60cbe360,
0x000002da60cbfc80, 0x000002da60cc0d30, 0x000002da60cc5a80, 0x000002da60ccc790,
0x000002da60ccd190, 0x000002da60ccfaf0, 0x000002da61a63530, 0x000002da61a65a60
}

Java Threads: ( => current thread )
=>0x000002da3bc05130 JavaThread "main" [_thread_in_native, id=17360, stack(0x000000f860d00000,0x000000f860e00000)]
  0x000002da60cabe70 JavaThread "Reference Handler" daemon [_thread_blocked, id=17040, stack(0x000000f861400000,0x000000f861500000)]
  0x000002da60cad1e0 JavaThread "Finalizer" daemon [_thread_blocked, id=14132, stack(0x000000f861500000,0x000000f861600000)]
  0x000002da60cbe360 JavaThread "Signal Dispatcher" daemon [_thread_blocked, id=22656, stack(0x000000f861600000,0x000000f861700000)]
  0x000002da60cbfc80 JavaThread "Attach Listener" daemon [_thread_blocked, id=13276, stack(0x000000f861700000,0x000000f861800000)]
  0x000002da60cc0d30 JavaThread "Service Thread" daemon [_thread_blocked, id=2404, stack(0x000000f861800000,0x000000f861900000)]
  0x000002da60cc5a80 JavaThread "Monitor Deflation Thread" daemon [_thread_blocked, id=4780, stack(0x000000f861900000,0x000000f861a00000)]
  0x000002da60ccc790 JavaThread "C2 CompilerThread0" daemon [_thread_blocked, id=16208, stack(0x000000f861a00000,0x000000f861b00000)]
  0x000002da60ccd190 JavaThread "C1 CompilerThread0" daemon [_thread_blocked, id=6988, stack(0x000000f861b00000,0x000000f861c00000)]
  0x000002da60ccfaf0 JavaThread "Sweeper thread" daemon [_thread_blocked, id=9804, stack(0x000000f861c00000,0x000000f861d00000)]
  0x000002da61a63530 JavaThread "Notification Thread" daemon [_thread_blocked, id=9068, stack(0x000000f861d00000,0x000000f861e00000)]
  0x000002da61a65a60 JavaThread "Common-Cleaner" daemon [_thread_blocked, id=12220, stack(0x000000f861f00000,0x000000f862000000)]

Other Threads:
  0x000002da60ca8c80 VMThread "VM Thread" [stack: 0x000000f861300000,0x000000f861400000] [id=2248]
  0x000002da61a6b910 WatcherThread [stack: 0x000000f861e00000,0x000000f861f00000] [id=14672]
  0x000002da3bc569d0 GCTaskThread "GC Thread#0" [stack: 0x000000f860e00000,0x000000f860f00000] [id=25336]
  0x000002da3bc67730 ConcurrentGCThread "G1 Main Marker" [stack: 0x000000f860f00000,0x000000f861000000] [id=19388]
  0x000002da3bc68750 ConcurrentGCThread "G1 Conc#0" [stack: 0x000000f861000000,0x000000f861100000] [id=2176]
  0x000002da3bcc6a20 ConcurrentGCThread "G1 Refine#0" [stack: 0x000000f861100000,0x000000f861200000] [id=1392]
  0x000002da60b634d0 ConcurrentGCThread "G1 Service" [stack: 0x000000f861200000,0x000000f861300000] [id=6544]

Threads with active compile tasks:

VM state: not at safepoint (normal execution)

VM Mutex/Monitor currently owned by a thread: None

Heap address: 0x0000000700e00000, size: 4082 MB, Compressed Oops mode: Zero based, Oop shift amount: 3

CDS archive(s) mapped at: [0x0000000800000000-0x0000000800bb0000-0x0000000800bb0000), size 12255232, SharedBaseAddress: 0x0000000800000000, ArchiveRelocationMode: 0.
Compressed class space mapped at: 0x0000000800c00000-0x0000000840c00000, reserved size: 1073741824
Narrow klass base: 0x0000000800000000, Narrow klass shift: 3, Narrow klass range: 0x100000000

GC Precious Log:
 CPUs: 12 total, 12 available
 Memory: 16322M
 Large Page Support: Disabled
 NUMA Support: Disabled
 Compressed Oops: Enabled (Zero based)
 Heap Region Size: 2M
 Heap Min Capacity: 8M
 Heap Initial Capacity: 256M
 Heap Max Capacity: 4082M
 Pre-touch: Disabled
 Parallel Workers: 10
 Concurrent Workers: 3
 Concurrent Refinement Workers: 10
 Periodic GC: Disabled

Heap:
 garbage-first heap   total 262144K, used 10240K [0x0000000700e00000, 0x0000000800000000)
  region size 2048K, 7 young (14336K), 0 survivors (0K)
 Metaspace       used 3303K, committed 3456K, reserved 1056768K
  class space    used 191K, committed 256K, reserved 1048576K

Heap Regions: E=young(eden), S=young(survivor), O=old, HS=humongous(starts), HC=humongous(continues), CS=collection set, F=free, OA=open archive, CA=closed archive, TAMS=top-at-mark-start (previous, next)
|   0|0x0000000700e00000, 0x0000000700e00000, 0x0000000701000000|  0%| F|  |TAMS 0x0000000700e00000, 0x0000000700e00000| Untracked 
|   1|0x0000000701000000, 0x0000000701000000, 0x0000000701200000|  0%| F|  |TAMS 0x0000000701000000, 0x0000000701000000| Untracked 
|   2|0x0000000701200000, 0x0000000701200000, 0x0000000701400000|  0%| F|  |TAMS 0x0000000701200000, 0x0000000701200000| Untracked 
|   3|0x0000000701400000, 0x0000000701400000, 0x0000000701600000|  0%| F|  |TAMS 0x0000000701400000, 0x0000000701400000| Untracked 
|   4|0x0000000701600000, 0x0000000701600000, 0x0000000701800000|  0%| F|  |TAMS 0x0000000701600000, 0x0000000701600000| Untracked 
|   5|0x0000000701800000, 0x0000000701800000, 0x0000000701a00000|  0%| F|  |TAMS 0x0000000701800000, 0x0000000701800000| Untracked 
|   6|0x0000000701a00000, 0x0000000701a00000, 0x0000000701c00000|  0%| F|  |TAMS 0x0000000701a00000, 0x0000000701a00000| Untracked 
|   7|0x0000000701c00000, 0x0000000701c00000, 0x0000000701e00000|  0%| F|  |TAMS 0x0000000701c00000, 0x0000000701c00000| Untracked 
|   8|0x0000000701e00000, 0x0000000701e00000, 0x0000000702000000|  0%| F|  |TAMS 0x0000000701e00000, 0x0000000701e00000| Untracked 
|   9|0x0000000702000000, 0x0000000702000000, 0x0000000702200000|  0%| F|  |TAMS 0x0000000702000000, 0x0000000702000000| Untracked 
|  10|0x0000000702200000, 0x0000000702200000, 0x0000000702400000|  0%| F|  |TAMS 0x0000000702200000, 0x0000000702200000| Untracked 
|  11|0x0000000702400000, 0x0000000702400000, 0x0000000702600000|  0%| F|  |TAMS 0x0000000702400000, 0x0000000702400000| Untracked 
|  12|0x0000000702600000, 0x0000000702600000, 0x0000000702800000|  0%| F|  |TAMS 0x0000000702600000, 0x0000000702600000| Untracked 
|  13|0x0000000702800000, 0x0000000702800000, 0x0000000702a00000|  0%| F|  |TAMS 0x0000000702800000, 0x0000000702800000| Untracked 
|  14|0x0000000702a00000, 0x0000000702a00000, 0x0000000702c00000|  0%| F|  |TAMS 0x0000000702a00000, 0x0000000702a00000| Untracked 
|  15|0x0000000702c00000, 0x0000000702c00000, 0x0000000702e00000|  0%| F|  |TAMS 0x0000000702c00000, 0x0000000702c00000| Untracked 
|  16|0x0000000702e00000, 0x0000000702e00000, 0x0000000703000000|  0%| F|  |TAMS 0x0000000702e00000, 0x0000000702e00000| Untracked 
|  17|0x0000000703000000, 0x0000000703000000, 0x0000000703200000|  0%| F|  |TAMS 0x0000000703000000, 0x0000000703000000| Untracked 
|  18|0x0000000703200000, 0x0000000703200000, 0x0000000703400000|  0%| F|  |TAMS 0x0000000703200000, 0x0000000703200000| Untracked 
|  19|0x0000000703400000, 0x0000000703400000, 0x0000000703600000|  0%| F|  |TAMS 0x0000000703400000, 0x0000000703400000| Untracked 
|  20|0x0000000703600000, 0x0000000703600000, 0x0000000703800000|  0%| F|  |TAMS 0x0000000703600000, 0x0000000703600000| Untracked 
|  21|0x0000000703800000, 0x0000000703800000, 0x0000000703a00000|  0%| F|  |TAMS 0x0000000703800000, 0x0000000703800000| Untracked 
|  22|0x0000000703a00000, 0x0000000703a00000, 0x0000000703c00000|  0%| F|  |TAMS 0x0000000703a00000, 0x0000000703a00000| Untracked 
|  23|0x0000000703c00000, 0x0000000703c00000, 0x0000000703e00000|  0%| F|  |TAMS 0x0000000703c00000, 0x0000000703c00000| Untracked 
|  24|0x0000000703e00000, 0x0000000703e00000, 0x0000000704000000|  0%| F|  |TAMS 0x0000000703e00000, 0x0000000703e00000| Untracked 
|  25|0x0000000704000000, 0x0000000704000000, 0x0000000704200000|  0%| F|  |TAMS 0x0000000704000000, 0x0000000704000000| Untracked 
|  26|0x0000000704200000, 0x0000000704200000, 0x0000000704400000|  0%| F|  |TAMS 0x0000000704200000, 0x0000000704200000| Untracked 
|  27|0x0000000704400000, 0x0000000704400000, 0x0000000704600000|  0%| F|  |TAMS 0x0000000704400000, 0x0000000704400000| Untracked 
|  28|0x0000000704600000, 0x0000000704600000, 0x0000000704800000|  0%| F|  |TAMS 0x0000000704600000, 0x0000000704600000| Untracked 
|  29|0x0000000704800000, 0x0000000704800000, 0x0000000704a00000|  0%| F|  |TAMS 0x0000000704800000, 0x0000000704800000| Untracked 
|  30|0x0000000704a00000, 0x0000000704a00000, 0x0000000704c00000|  0%| F|  |TAMS 0x0000000704a00000, 0x0000000704a00000| Untracked 
|  31|0x0000000704c00000, 0x0000000704c00000, 0x0000000704e00000|  0%| F|  |TAMS 0x0000000704c00000, 0x0000000704c00000| Untracked 
|  32|0x0000000704e00000, 0x0000000704e00000, 0x0000000705000000|  0%| F|  |TAMS 0x0000000704e00000, 0x0000000704e00000| Untracked 
|  33|0x0000000705000000, 0x0000000705000000, 0x0000000705200000|  0%| F|  |TAMS 0x0000000705000000, 0x0000000705000000| Untracked 
|  34|0x0000000705200000, 0x0000000705200000, 0x0000000705400000|  0%| F|  |TAMS 0x0000000705200000, 0x0000000705200000| Untracked 
|  35|0x0000000705400000, 0x0000000705400000, 0x0000000705600000|  0%| F|  |TAMS 0x0000000705400000, 0x0000000705400000| Untracked 
|  36|0x0000000705600000, 0x0000000705600000, 0x0000000705800000|  0%| F|  |TAMS 0x0000000705600000, 0x0000000705600000| Untracked 
|  37|0x0000000705800000, 0x0000000705800000, 0x0000000705a00000|  0%| F|  |TAMS 0x0000000705800000, 0x0000000705800000| Untracked 
|  38|0x0000000705a00000, 0x0000000705a00000, 0x0000000705c00000|  0%| F|  |TAMS 0x0000000705a00000, 0x0000000705a00000| Untracked 
|  39|0x0000000705c00000, 0x0000000705c00000, 0x0000000705e00000|  0%| F|  |TAMS 0x0000000705c00000, 0x0000000705c00000| Untracked 
|  40|0x0000000705e00000, 0x0000000705e00000, 0x0000000706000000|  0%| F|  |TAMS 0x0000000705e00000, 0x0000000705e00000| Untracked 
|  41|0x0000000706000000, 0x0000000706000000, 0x0000000706200000|  0%| F|  |TAMS 0x0000000706000000, 0x0000000706000000| Untracked 
|  42|0x0000000706200000, 0x0000000706200000, 0x0000000706400000|  0%| F|  |TAMS 0x0000000706200000, 0x0000000706200000| Untracked 
|  43|0x0000000706400000, 0x0000000706400000, 0x0000000706600000|  0%| F|  |TAMS 0x0000000706400000, 0x0000000706400000| Untracked 
|  44|0x0000000706600000, 0x0000000706600000, 0x0000000706800000|  0%| F|  |TAMS 0x0000000706600000, 0x0000000706600000| Untracked 
|  45|0x0000000706800000, 0x0000000706800000, 0x0000000706a00000|  0%| F|  |TAMS 0x0000000706800000, 0x0000000706800000| Untracked 
|  46|0x0000000706a00000, 0x0000000706a00000, 0x0000000706c00000|  0%| F|  |TAMS 0x0000000706a00000, 0x0000000706a00000| Untracked 
|  47|0x0000000706c00000, 0x0000000706c00000, 0x0000000706e00000|  0%| F|  |TAMS 0x0000000706c00000, 0x0000000706c00000| Untracked 
|  48|0x0000000706e00000, 0x0000000706e00000, 0x0000000707000000|  0%| F|  |TAMS 0x0000000706e00000, 0x0000000706e00000| Untracked 
|  49|0x0000000707000000, 0x0000000707000000, 0x0000000707200000|  0%| F|  |TAMS 0x0000000707000000, 0x0000000707000000| Untracked 
|  50|0x0000000707200000, 0x0000000707200000, 0x0000000707400000|  0%| F|  |TAMS 0x0000000707200000, 0x0000000707200000| Untracked 
|  51|0x0000000707400000, 0x0000000707400000, 0x0000000707600000|  0%| F|  |TAMS 0x0000000707400000, 0x0000000707400000| Untracked 
|  52|0x0000000707600000, 0x0000000707600000, 0x0000000707800000|  0%| F|  |TAMS 0x0000000707600000, 0x0000000707600000| Untracked 
|  53|0x0000000707800000, 0x0000000707800000, 0x0000000707a00000|  0%| F|  |TAMS 0x0000000707800000, 0x0000000707800000| Untracked 
|  54|0x0000000707a00000, 0x0000000707a00000, 0x0000000707c00000|  0%| F|  |TAMS 0x0000000707a00000, 0x0000000707a00000| Untracked 
|  55|0x0000000707c00000, 0x0000000707c00000, 0x0000000707e00000|  0%| F|  |TAMS 0x0000000707c00000, 0x0000000707c00000| Untracked 
|  56|0x0000000707e00000, 0x0000000707e00000, 0x0000000708000000|  0%| F|  |TAMS 0x0000000707e00000, 0x0000000707e00000| Untracked 
|  57|0x0000000708000000, 0x0000000708000000, 0x0000000708200000|  0%| F|  |TAMS 0x0000000708000000, 0x0000000708000000| Untracked 
|  58|0x0000000708200000, 0x0000000708200000, 0x0000000708400000|  0%| F|  |TAMS 0x0000000708200000, 0x0000000708200000| Untracked 
|  59|0x0000000708400000, 0x0000000708400000, 0x0000000708600000|  0%| F|  |TAMS 0x0000000708400000, 0x0000000708400000| Untracked 
|  60|0x0000000708600000, 0x0000000708600000, 0x0000000708800000|  0%| F|  |TAMS 0x0000000708600000, 0x0000000708600000| Untracked 
|  61|0x0000000708800000, 0x0000000708800000, 0x0000000708a00000|  0%| F|  |TAMS 0x0000000708800000, 0x0000000708800000| Untracked 
|  62|0x0000000708a00000, 0x0000000708a00000, 0x0000000708c00000|  0%| F|  |TAMS 0x0000000708a00000, 0x0000000708a00000| Untracked 
|  63|0x0000000708c00000, 0x0000000708c00000, 0x0000000708e00000|  0%| F|  |TAMS 0x0000000708c00000, 0x0000000708c00000| Untracked 
|  64|0x0000000708e00000, 0x0000000708e00000, 0x0000000709000000|  0%| F|  |TAMS 0x0000000708e00000, 0x0000000708e00000| Untracked 
|  65|0x0000000709000000, 0x0000000709000000, 0x0000000709200000|  0%| F|  |TAMS 0x0000000709000000, 0x0000000709000000| Untracked 
|  66|0x0000000709200000, 0x0000000709200000, 0x0000000709400000|  0%| F|  |TAMS 0x0000000709200000, 0x0000000709200000| Untracked 
|  67|0x0000000709400000, 0x0000000709400000, 0x0000000709600000|  0%| F|  |TAMS 0x0000000709400000, 0x0000000709400000| Untracked 
|  68|0x0000000709600000, 0x0000000709600000, 0x0000000709800000|  0%| F|  |TAMS 0x0000000709600000, 0x0000000709600000| Untracked 
|  69|0x0000000709800000, 0x0000000709800000, 0x0000000709a00000|  0%| F|  |TAMS 0x0000000709800000, 0x0000000709800000| Untracked 
|  70|0x0000000709a00000, 0x0000000709a00000, 0x0000000709c00000|  0%| F|  |TAMS 0x0000000709a00000, 0x0000000709a00000| Untracked 
|  71|0x0000000709c00000, 0x0000000709c00000, 0x0000000709e00000|  0%| F|  |TAMS 0x0000000709c00000, 0x0000000709c00000| Untracked 
|  72|0x0000000709e00000, 0x0000000709e00000, 0x000000070a000000|  0%| F|  |TAMS 0x0000000709e00000, 0x0000000709e00000| Untracked 
|  73|0x000000070a000000, 0x000000070a000000, 0x000000070a200000|  0%| F|  |TAMS 0x000000070a000000, 0x000000070a000000| Untracked 
|  74|0x000000070a200000, 0x000000070a200000, 0x000000070a400000|  0%| F|  |TAMS 0x000000070a200000, 0x000000070a200000| Untracked 
|  75|0x000000070a400000, 0x000000070a400000, 0x000000070a600000|  0%| F|  |TAMS 0x000000070a400000, 0x000000070a400000| Untracked 
|  76|0x000000070a600000, 0x000000070a600000, 0x000000070a800000|  0%| F|  |TAMS 0x000000070a600000, 0x000000070a600000| Untracked 
|  77|0x000000070a800000, 0x000000070a800000, 0x000000070aa00000|  0%| F|  |TAMS 0x000000070a800000, 0x000000070a800000| Untracked 
|  78|0x000000070aa00000, 0x000000070aa00000, 0x000000070ac00000|  0%| F|  |TAMS 0x000000070aa00000, 0x000000070aa00000| Untracked 
|  79|0x000000070ac00000, 0x000000070ac00000, 0x000000070ae00000|  0%| F|  |TAMS 0x000000070ac00000, 0x000000070ac00000| Untracked 
|  80|0x000000070ae00000, 0x000000070ae00000, 0x000000070b000000|  0%| F|  |TAMS 0x000000070ae00000, 0x000000070ae00000| Untracked 
|  81|0x000000070b000000, 0x000000070b000000, 0x000000070b200000|  0%| F|  |TAMS 0x000000070b000000, 0x000000070b000000| Untracked 
|  82|0x000000070b200000, 0x000000070b200000, 0x000000070b400000|  0%| F|  |TAMS 0x000000070b200000, 0x000000070b200000| Untracked 
|  83|0x000000070b400000, 0x000000070b400000, 0x000000070b600000|  0%| F|  |TAMS 0x000000070b400000, 0x000000070b400000| Untracked 
|  84|0x000000070b600000, 0x000000070b600000, 0x000000070b800000|  0%| F|  |TAMS 0x000000070b600000, 0x000000070b600000| Untracked 
|  85|0x000000070b800000, 0x000000070b800000, 0x000000070ba00000|  0%| F|  |TAMS 0x000000070b800000, 0x000000070b800000| Untracked 
|  86|0x000000070ba00000, 0x000000070ba00000, 0x000000070bc00000|  0%| F|  |TAMS 0x000000070ba00000, 0x000000070ba00000| Untracked 
|  87|0x000000070bc00000, 0x000000070bc00000, 0x000000070be00000|  0%| F|  |TAMS 0x000000070bc00000, 0x000000070bc00000| Untracked 
|  88|0x000000070be00000, 0x000000070be00000, 0x000000070c000000|  0%| F|  |TAMS 0x000000070be00000, 0x000000070be00000| Untracked 
|  89|0x000000070c000000, 0x000000070c000000, 0x000000070c200000|  0%| F|  |TAMS 0x000000070c000000, 0x000000070c000000| Untracked 
|  90|0x000000070c200000, 0x000000070c200000, 0x000000070c400000|  0%| F|  |TAMS 0x000000070c200000, 0x000000070c200000| Untracked 
|  91|0x000000070c400000, 0x000000070c400000, 0x000000070c600000|  0%| F|  |TAMS 0x000000070c400000, 0x000000070c400000| Untracked 
|  92|0x000000070c600000, 0x000000070c600000, 0x000000070c800000|  0%| F|  |TAMS 0x000000070c600000, 0x000000070c600000| Untracked 
|  93|0x000000070c800000, 0x000000070c800000, 0x000000070ca00000|  0%| F|  |TAMS 0x000000070c800000, 0x000000070c800000| Untracked 
|  94|0x000000070ca00000, 0x000000070ca00000, 0x000000070cc00000|  0%| F|  |TAMS 0x000000070ca00000, 0x000000070ca00000| Untracked 
|  95|0x000000070cc00000, 0x000000070cc00000, 0x000000070ce00000|  0%| F|  |TAMS 0x000000070cc00000, 0x000000070cc00000| Untracked 
|  96|0x000000070ce00000, 0x000000070ce00000, 0x000000070d000000|  0%| F|  |TAMS 0x000000070ce00000, 0x000000070ce00000| Untracked 
|  97|0x000000070d000000, 0x000000070d000000, 0x000000070d200000|  0%| F|  |TAMS 0x000000070d000000, 0x000000070d000000| Untracked 
|  98|0x000000070d200000, 0x000000070d200000, 0x000000070d400000|  0%| F|  |TAMS 0x000000070d200000, 0x000000070d200000| Untracked 
|  99|0x000000070d400000, 0x000000070d400000, 0x000000070d600000|  0%| F|  |TAMS 0x000000070d400000, 0x000000070d400000| Untracked 
| 100|0x000000070d600000, 0x000000070d600000, 0x000000070d800000|  0%| F|  |TAMS 0x000000070d600000, 0x000000070d600000| Untracked 
| 101|0x000000070d800000, 0x000000070d800000, 0x000000070da00000|  0%| F|  |TAMS 0x000000070d800000, 0x000000070d800000| Untracked 
| 102|0x000000070da00000, 0x000000070da00000, 0x000000070dc00000|  0%| F|  |TAMS 0x000000070da00000, 0x000000070da00000| Untracked 
| 103|0x000000070dc00000, 0x000000070dc00000, 0x000000070de00000|  0%| F|  |TAMS 0x000000070dc00000, 0x000000070dc00000| Untracked 
| 104|0x000000070de00000, 0x000000070de00000, 0x000000070e000000|  0%| F|  |TAMS 0x000000070de00000, 0x000000070de00000| Untracked 
| 105|0x000000070e000000, 0x000000070e000000, 0x000000070e200000|  0%| F|  |TAMS 0x000000070e000000, 0x000000070e000000| Untracked 
| 106|0x000000070e200000, 0x000000070e200000, 0x000000070e400000|  0%| F|  |TAMS 0x000000070e200000, 0x000000070e200000| Untracked 
| 107|0x000000070e400000, 0x000000070e400000, 0x000000070e600000|  0%| F|  |TAMS 0x000000070e400000, 0x000000070e400000| Untracked 
| 108|0x000000070e600000, 0x000000070e600000, 0x000000070e800000|  0%| F|  |TAMS 0x000000070e600000, 0x000000070e600000| Untracked 
| 109|0x000000070e800000, 0x000000070e800000, 0x000000070ea00000|  0%| F|  |TAMS 0x000000070e800000, 0x000000070e800000| Untracked 
| 110|0x000000070ea00000, 0x000000070ea00000, 0x000000070ec00000|  0%| F|  |TAMS 0x000000070ea00000, 0x000000070ea00000| Untracked 
| 111|0x000000070ec00000, 0x000000070ec00000, 0x000000070ee00000|  0%| F|  |TAMS 0x000000070ec00000, 0x000000070ec00000| Untracked 
| 112|0x000000070ee00000, 0x000000070ee00000, 0x000000070f000000|  0%| F|  |TAMS 0x000000070ee00000, 0x000000070ee00000| Untracked 
| 113|0x000000070f000000, 0x000000070f000000, 0x000000070f200000|  0%| F|  |TAMS 0x000000070f000000, 0x000000070f000000| Untracked 
| 114|0x000000070f200000, 0x000000070f200000, 0x000000070f400000|  0%| F|  |TAMS 0x000000070f200000, 0x000000070f200000| Untracked 
| 115|0x000000070f400000, 0x000000070f400000, 0x000000070f600000|  0%| F|  |TAMS 0x000000070f400000, 0x000000070f400000| Untracked 
| 116|0x000000070f600000, 0x000000070f600000, 0x000000070f800000|  0%| F|  |TAMS 0x000000070f600000, 0x000000070f600000| Untracked 
| 117|0x000000070f800000, 0x000000070f800000, 0x000000070fa00000|  0%| F|  |TAMS 0x000000070f800000, 0x000000070f800000| Untracked 
| 118|0x000000070fa00000, 0x000000070fa00000, 0x000000070fc00000|  0%| F|  |TAMS 0x000000070fa00000, 0x000000070fa00000| Untracked 
| 119|0x000000070fc00000, 0x000000070fc00000, 0x000000070fe00000|  0%| F|  |TAMS 0x000000070fc00000, 0x000000070fc00000| Untracked 
| 120|0x000000070fe00000, 0x000000070fe00000, 0x0000000710000000|  0%| F|  |TAMS 0x000000070fe00000, 0x000000070fe00000| Untracked 
| 121|0x0000000710000000, 0x000000071008d1b8, 0x0000000710200000| 27%| E|  |TAMS 0x0000000710000000, 0x0000000710000000| Complete 
| 122|0x0000000710200000, 0x0000000710400000, 0x0000000710400000|100%| E|CS|TAMS 0x0000000710200000, 0x0000000710200000| Complete 
| 123|0x0000000710400000, 0x0000000710600000, 0x0000000710600000|100%| E|CS|TAMS 0x0000000710400000, 0x0000000710400000| Complete 
| 124|0x0000000710600000, 0x0000000710800000, 0x0000000710800000|100%| E|  |TAMS 0x0000000710600000, 0x0000000710600000| Complete 
| 125|0x0000000710800000, 0x0000000710a00000, 0x0000000710a00000|100%| E|CS|TAMS 0x0000000710800000, 0x0000000710800000| Complete 
| 126|0x0000000710a00000, 0x0000000710c00000, 0x0000000710c00000|100%| E|CS|TAMS 0x0000000710a00000, 0x0000000710a00000| Complete 
| 127|0x0000000710c00000, 0x0000000710e00000, 0x0000000710e00000|100%| E|CS|TAMS 0x0000000710c00000, 0x0000000710c00000| Complete 

Card table byte_map: [0x000002da55000000,0x000002da55800000] _byte_map_base: 0x000002da517f9000

Marking Bits (Prev, Next): (CMBitMap*) 0x000002da3bc56e50, (CMBitMap*) 0x000002da3bc56e90
 Prev Bits: [0x000002da56000000, 0x000002da59fc8000)
 Next Bits: [0x000002da59fd0000, 0x000002da5df98000)

Polling page: 0x000002da3bcd0000

Metaspace:

Usage:
  Non-class:      3.04 MB used.
      Class:    191.23 KB used.
       Both:      3.23 MB used.

Virtual space:
  Non-class space:        8.00 MB reserved,       3.12 MB ( 39%) committed,  1 nodes.
      Class space:        1.00 GB reserved,     256.00 KB ( <1%) committed,  1 nodes.
              Both:        1.01 GB reserved,       3.38 MB ( <1%) committed. 

Chunk freelists:
   Non-Class:  2.31 MB
       Class:  3.64 MB
        Both:  5.95 MB

MaxMetaspaceSize: 17179869184.00 GB
CompressedClassSpaceSize: 1.00 GB
 - commit_granule_bytes: 65536.
 - commit_granule_words: 8192.
 - virtual_space_node_default_size: 1048576.
 - enlarge_chunks_in_place: 1.
 - new_chunks_are_fully_committed: 0.
 - uncommit_free_chunks: 1.
 - use_allocation_guard: 0.
 - handle_deallocations: 1.


Internal statistics:

num_allocs_failed_limit: 0.
num_arena_births: 64.
num_arena_deaths: 0.
num_vsnodes_births: 2.
num_vsnodes_deaths: 0.
num_space_committed: 54.
num_space_uncommitted: 0.
num_chunks_returned_to_freelist: 0.
num_chunks_taken_from_freelist: 147.
num_chunk_merges: 0.
num_chunk_splits: 97.
num_chunks_enlarged: 73.
num_purges: 0.

CodeHeap 'non-profiled nmethods': size=120000Kb used=201Kb max_used=201Kb free=119798Kb
 bounds [0x000002da4c640000, 0x000002da4c8b0000, 0x000002da53b70000]
CodeHeap 'profiled nmethods': size=120000Kb used=1200Kb max_used=1200Kb free=118800Kb
 bounds [0x000002da45110000, 0x000002da45380000, 0x000002da4c640000]
CodeHeap 'non-nmethods': size=5760Kb used=1568Kb max_used=1582Kb free=4191Kb
 bounds [0x000002da44b70000, 0x000002da44de0000, 0x000002da45110000]
 total_blobs=1673 nmethods=694 adapters=892
 compilation: enabled
              stopped_count=0, restarted_count=0
 full_count=0

Compilation events (20 events):
Event: 0.416 Thread 0x000002da60ccd190  687       3       jdk.internal.jimage.ImageStringsReader::charsFromByteBuffer (186 bytes)
Event: 0.417 Thread 0x000002da60ccd190 nmethod 687 0x000002da45230e10 code [0x000002da45231140, 0x000002da45232368]
Event: 0.417 Thread 0x000002da60ccd190  683       3       jdk.internal.jimage.ImageReader::findLocation (14 bytes)
Event: 0.417 Thread 0x000002da60ccd190 nmethod 683 0x000002da45232a10 code [0x000002da45232be0, 0x000002da45232f38]
Event: 0.417 Thread 0x000002da60ccd190  684  s    3       jdk.internal.jimage.BasicImageReader::findLocation (115 bytes)
Event: 0.418 Thread 0x000002da60ccd190 nmethod 684 0x000002da45233090 code [0x000002da452333c0, 0x000002da45234538]
Event: 0.418 Thread 0x000002da60ccd190  685       3       jdk.internal.jimage.ImageStringsReader::hashCode (8 bytes)
Event: 0.418 Thread 0x000002da60ccd190 nmethod 685 0x000002da45234b10 code [0x000002da45234ce0, 0x000002da45234f18]
Event: 0.418 Thread 0x000002da60ccd190  686       3       jdk.internal.module.SystemModuleFinders$SystemModuleReader::find (54 bytes)
Event: 0.418 Thread 0x000002da60ccc790  691       4       java.lang.Integer::toUnsignedLong (7 bytes)
Event: 0.418 Thread 0x000002da60ccd190 nmethod 686 0x000002da45235090 code [0x000002da45235340, 0x000002da45235e78]
Event: 0.418 Thread 0x000002da60ccd190  690       3       org.lwjgl.system.MemoryUtil::memPutAddress (29 bytes)
Event: 0.418 Thread 0x000002da60ccc790 nmethod 691 0x000002da4c671b10 code [0x000002da4c671c80, 0x000002da4c671cd8]
Event: 0.418 Thread 0x000002da60ccd190 nmethod 690 0x000002da45236290 code [0x000002da45236440, 0x000002da45236638]
Event: 0.418 Thread 0x000002da60ccd190  689       3       sun.misc.Unsafe::putLong (11 bytes)
Event: 0.418 Thread 0x000002da60ccd190 nmethod 689 0x000002da45236710 code [0x000002da452368a0, 0x000002da452369b8]
Event: 0.418 Thread 0x000002da60ccd190  688       3       sun.net.util.IPAddressUtil::scan (92 bytes)
Event: 0.418 Thread 0x000002da60ccc790  692       4       java.util.zip.ZipCoder::normalizedHash (36 bytes)
Event: 0.419 Thread 0x000002da60ccd190 nmethod 688 0x000002da45236a90 code [0x000002da45236d00, 0x000002da45237838]
Event: 0.419 Thread 0x000002da60ccd190  693       3       java.util.zip.ZipFile::getZipEntry (322 bytes)

GC Heap History (0 events):
No events

Deoptimization events (12 events):
Event: 0.080 Thread 0x000002da3bc05130 DEOPT PACKING pc=0x000002da45119967 sp=0x000000f860dfdcc0
Event: 0.080 Thread 0x000002da3bc05130 DEOPT UNPACKING pc=0x000002da44bbdece sp=0x000000f860dfd0e0 mode 0
Event: 0.084 Thread 0x000002da3bc05130 DEOPT PACKING pc=0x000002da451176d1 sp=0x000000f860dfdb20
Event: 0.084 Thread 0x000002da3bc05130 DEOPT UNPACKING pc=0x000002da44bbdece sp=0x000000f860dfcf98 mode 0
Event: 0.191 Thread 0x000002da3bc05130 Uncommon trap: trap_request=0xffffff45 fr.pc=0x000002da4c656730 relative=0x0000000000000650
Event: 0.191 Thread 0x000002da3bc05130 Uncommon trap: reason=unstable_if action=reinterpret pc=0x000002da4c656730 method=java.lang.StringLatin1.toLowerCase(Ljava/lang/String;[BLjava/util/Locale;)Ljava/lang/String; @ 73 c2
Event: 0.191 Thread 0x000002da3bc05130 DEOPT PACKING pc=0x000002da4c656730 sp=0x000000f860dfbf60
Event: 0.191 Thread 0x000002da3bc05130 DEOPT UNPACKING pc=0x000002da44bbd72e sp=0x000000f860dfbf00 mode 2
Event: 0.214 Thread 0x000002da3bc05130 Uncommon trap: trap_request=0xffffff45 fr.pc=0x000002da4c6413fc relative=0x000000000000005c
Event: 0.214 Thread 0x000002da3bc05130 Uncommon trap: reason=unstable_if action=reinterpret pc=0x000002da4c6413fc method=java.lang.String.isLatin1()Z @ 10 c2
Event: 0.214 Thread 0x000002da3bc05130 DEOPT PACKING pc=0x000002da4c6413fc sp=0x000000f860dfbcc0
Event: 0.214 Thread 0x000002da3bc05130 DEOPT UNPACKING pc=0x000002da44bbd72e sp=0x000000f860dfbc50 mode 2

Classes unloaded (0 events):
No events

Classes redefined (0 events):
No events

Internal exceptions (20 events):
Event: 0.184 Thread 0x000002da3bc05130 Exception <a 'java/lang/NoSuchMethodError'{0x0000000710544828}: 'void java.lang.invoke.DirectMethodHandle$Holder.invokeSpecial(java.lang.Object, java.lang.Object, java.lang.Object)'> (0x0000000710544828) 
thrown [t:\workspace\open\src\hotspot\share\interpreter\linkResolver.cpp, line 790]
Event: 0.186 Thread 0x000002da3bc05130 Exception <a 'java/lang/NoSuchMethodError'{0x0000000710559448}: 'java.lang.Object java.lang.invoke.DirectMethodHandle$Holder.invokeStatic(java.lang.Object, java.lang.Object, int)'> (0x0000000710559448) 
thrown [t:\workspace\open\src\hotspot\share\interpreter\linkResolver.cpp, line 790]
Event: 0.187 Thread 0x000002da3bc05130 Exception <a 'java/lang/NoSuchMethodError'{0x00000007105655f0}: 'void java.lang.invoke.DelegatingMethodHandle$Holder.delegate(java.lang.Object, java.lang.Object, int, java.lang.Object)'> (0x00000007105655f0) 
thrown [t:\workspace\open\src\hotspot\share\interpreter\linkResolver.cpp, line 790]
Event: 0.187 Thread 0x000002da3bc05130 Exception <a 'java/lang/NoSuchMethodError'{0x0000000710569948}: 'int java.lang.invoke.DirectMethodHandle$Holder.invokeSpecial(java.lang.Object, java.lang.Object, java.lang.Object)'> (0x0000000710569948) 
thrown [t:\workspace\open\src\hotspot\share\interpreter\linkResolver.cpp, line 790]
Event: 0.204 Thread 0x000002da3bc05130 Exception <a 'sun/nio/fs/WindowsException'{0x00000007105c8898}> (0x00000007105c8898) 
thrown [t:\workspace\open\src\hotspot\share\prims\jni.cpp, line 579]
Event: 0.204 Thread 0x000002da3bc05130 Exception <a 'sun/nio/fs/WindowsException'{0x00000007105c8de8}> (0x00000007105c8de8) 
thrown [t:\workspace\open\src\hotspot\share\prims\jni.cpp, line 579]
Event: 0.219 Thread 0x000002da3bc05130 Exception <a 'java/lang/NoSuchMethodError'{0x00000007102515e8}: 'int java.lang.invoke.DirectMethodHandle$Holder.invokeStaticInit(java.lang.Object, java.lang.Object, int, long)'> (0x00000007102515e8) 
thrown [t:\workspace\open\src\hotspot\share\interpreter\linkResolver.cpp, line 790]
Event: 0.219 Thread 0x000002da3bc05130 Exception <a 'java/lang/NoSuchMethodError'{0x00000007102570b8}: 'java.lang.Object java.lang.invoke.DirectMethodHandle$Holder.newInvokeSpecial(java.lang.Object, java.lang.Object, int)'> (0x00000007102570b8) 
thrown [t:\workspace\open\src\hotspot\share\interpreter\linkResolver.cpp, line 790]
Event: 0.220 Thread 0x000002da3bc05130 Exception <a 'java/lang/NoSuchMethodError'{0x0000000710265bf0}: 'int java.lang.invoke.DirectMethodHandle$Holder.invokeStaticInit(java.lang.Object, java.lang.Object, long, long)'> (0x0000000710265bf0) 
thrown [t:\workspace\open\src\hotspot\share\interpreter\linkResolver.cpp, line 790]
Event: 0.221 Thread 0x000002da3bc05130 Exception <a 'java/lang/NoSuchMethodError'{0x000000071026bf98}: 'java.lang.Object java.lang.invoke.DirectMethodHandle$Holder.newInvokeSpecial(java.lang.Object, java.lang.Object, long)'> (0x000000071026bf98) 
thrown [t:\workspace\open\src\hotspot\share\interpreter\linkResolver.cpp, line 790]
Event: 0.221 Thread 0x000002da3bc05130 Exception <a 'java/lang/NoSuchMethodError'{0x00000007102700f0}: 'java.lang.Object java.lang.invoke.Invokers$Holder.linkToTargetMethod(java.lang.Object, long, java.lang.Object)'> (0x00000007102700f0) 
thrown [t:\workspace\open\src\hotspot\share\interpreter\linkResolver.cpp, line 790]
Event: 0.222 Thread 0x000002da3bc05130 Exception <a 'java/lang/NoSuchMethodError'{0x0000000710277dd8}: 'int java.lang.invoke.DirectMethodHandle$Holder.invokeStaticInit(java.lang.Object, java.lang.Object, java.lang.Object, long)'> (0x0000000710277dd8) 
thrown [t:\workspace\open\src\hotspot\share\interpreter\linkResolver.cpp, line 790]
Event: 0.230 Thread 0x000002da3bc05130 Exception <a 'sun/nio/fs/WindowsException'{0x00000007102d8838}> (0x00000007102d8838) 
thrown [t:\workspace\open\src\hotspot\share\prims\jni.cpp, line 579]
Event: 0.231 Thread 0x000002da3bc05130 Exception <a 'sun/nio/fs/WindowsException'{0x00000007102d8bc8}> (0x00000007102d8bc8) 
thrown [t:\workspace\open\src\hotspot\share\prims\jni.cpp, line 579]
Event: 0.243 Thread 0x000002da3bc05130 Exception <a 'sun/nio/fs/WindowsException'{0x0000000710375d18}> (0x0000000710375d18) 
thrown [t:\workspace\open\src\hotspot\share\prims\jni.cpp, line 579]
Event: 0.243 Thread 0x000002da3bc05130 Exception <a 'sun/nio/fs/WindowsException'{0x0000000710376078}> (0x0000000710376078) 
thrown [t:\workspace\open\src\hotspot\share\prims\jni.cpp, line 579]
Event: 0.413 Thread 0x000002da3bc05130 Exception <a 'sun/nio/fs/WindowsException'{0x000000071003e858}> (0x000000071003e858) 
thrown [t:\workspace\open\src\hotspot\share\prims\jni.cpp, line 579]
Event: 0.413 Thread 0x000002da3bc05130 Exception <a 'sun/nio/fs/WindowsException'{0x000000071003ec00}> (0x000000071003ec00) 
thrown [t:\workspace\open\src\hotspot\share\prims\jni.cpp, line 579]
Event: 0.417 Thread 0x000002da3bc05130 Exception <a 'sun/nio/fs/WindowsException'{0x0000000710057a00}> (0x0000000710057a00) 
thrown [t:\workspace\open\src\hotspot\share\prims\jni.cpp, line 579]
Event: 0.417 Thread 0x000002da3bc05130 Exception <a 'sun/nio/fs/WindowsException'{0x0000000710057ce0}> (0x0000000710057ce0) 
thrown [t:\workspace\open\src\hotspot\share\prims\jni.cpp, line 579]

Events (20 events):
Event: 0.217 loading class jdk/internal/reflect/UnsafeQualifiedStaticFieldAccessorImpl
Event: 0.217 loading class jdk/internal/reflect/UnsafeQualifiedStaticFieldAccessorImpl done
Event: 0.217 loading class jdk/internal/reflect/UnsafeQualifiedStaticObjectFieldAccessorImpl done
Event: 0.218 loading class java/util/function/LongPredicate
Event: 0.219 loading class java/util/function/LongPredicate done
Event: 0.220 loading class jdk/internal/access/foreign/MemorySegmentProxy
Event: 0.220 loading class jdk/internal/access/foreign/MemorySegmentProxy done
Event: 0.223 loading class java/nio/InvalidMarkException
Event: 0.223 loading class java/nio/InvalidMarkException done
Event: 0.223 loading class java/nio/BufferUnderflowException
Event: 0.223 loading class java/nio/BufferUnderflowException done
Event: 0.231 loading class java/lang/NoSuchFieldError
Event: 0.231 loading class java/lang/NoSuchFieldError done
Event: 0.233 loading class jdk/internal/misc/ScopedMemoryAccess$Scope
Event: 0.233 loading class jdk/internal/misc/ScopedMemoryAccess$Scope done
Event: 0.245 loading class jdk/internal/reflect/UnsafeQualifiedStaticIntegerFieldAccessorImpl
Event: 0.245 loading class jdk/internal/reflect/UnsafeQualifiedStaticIntegerFieldAccessorImpl done
Event: 0.399 loading class java/lang/invoke/DirectMethodHandle$Special
Event: 0.399 loading class java/lang/invoke/DirectMethodHandle$Special done
Event: 0.415 Loaded shared library C:\Users\Win10\AppData\Local\Temp\lwjglWin10\3.3.1-build-7\lwjgl_opengl.dll


Dynamic libraries:
0x00007ff7fc2a0000 - 0x00007ff7fc2b0000 	C:\Program Files\Java\jdk-16.0.2\bin\javaw.exe
0x00007ffd6d4f0000 - 0x00007ffd6d6e5000 	C:\Windows\SYSTEM32\ntdll.dll
0x00007ffd6bae0000 - 0x00007ffd6bb9d000 	C:\Windows\System32\KERNEL32.DLL
0x00007ffd6b280000 - 0x00007ffd6b548000 	C:\Windows\System32\KERNELBASE.dll
0x00007ffd6aea0000 - 0x00007ffd6afa0000 	C:\Windows\System32\ucrtbase.dll
0x00007ffd543c0000 - 0x00007ffd543d9000 	C:\Program Files\Java\jdk-16.0.2\bin\VCRUNTIME140.dll
0x00007ffd54820000 - 0x00007ffd54838000 	C:\Program Files\Java\jdk-16.0.2\bin\jli.dll
0x00007ffd6cc60000 - 0x00007ffd6cd0c000 	C:\Windows\System32\ADVAPI32.dll
0x00007ffd6bba0000 - 0x00007ffd6bc3e000 	C:\Windows\System32\msvcrt.dll
0x00007ffd6cd30000 - 0x00007ffd6cdcb000 	C:\Windows\System32\sechost.dll
0x00007ffd6bc40000 - 0x00007ffd6bd6b000 	C:\Windows\System32\RPCRT4.dll
0x00007ffd6beb0000 - 0x00007ffd6c050000 	C:\Windows\System32\USER32.dll
0x00007ffd6ac90000 - 0x00007ffd6acb2000 	C:\Windows\System32\win32u.dll
0x00007ffd59a50000 - 0x00007ffd59cea000 	C:\Windows\WinSxS\amd64_microsoft.windows.common-controls_6595b64144ccf1df_6.0.19041.844_none_ca00b6081b84eb1d\COMCTL32.dll
0x00007ffd6c8c0000 - 0x00007ffd6c8ea000 	C:\Windows\System32\GDI32.dll
0x00007ffd6ad10000 - 0x00007ffd6ae1b000 	C:\Windows\System32\gdi32full.dll
0x00007ffd6b100000 - 0x00007ffd6b19d000 	C:\Windows\System32\msvcp_win.dll
0x00007ffd65600000 - 0x00007ffd6560a000 	C:\Windows\SYSTEM32\VERSION.dll
0x00007ffd6cf80000 - 0x00007ffd6cfb0000 	C:\Windows\System32\IMM32.DLL
0x00007ffd60250000 - 0x00007ffd6025c000 	C:\Program Files\Java\jdk-16.0.2\bin\vcruntime140_1.dll
0x00007ffd49960000 - 0x00007ffd499f1000 	C:\Program Files\Java\jdk-16.0.2\bin\msvcp140.dll
0x00007ffce38d0000 - 0x00007ffce447b000 	C:\Program Files\Java\jdk-16.0.2\bin\server\jvm.dll
0x00007ffd6cd10000 - 0x00007ffd6cd18000 	C:\Windows\System32\PSAPI.DLL
0x00007ffd61440000 - 0x00007ffd61467000 	C:\Windows\SYSTEM32\WINMM.dll
0x00007ffd525a0000 - 0x00007ffd525a9000 	C:\Windows\SYSTEM32\WSOCK32.dll
0x00007ffd6d440000 - 0x00007ffd6d4ab000 	C:\Windows\System32\WS2_32.dll
0x00007ffd68ab0000 - 0x00007ffd68ac2000 	C:\Windows\SYSTEM32\kernel.appcore.dll
0x00007ffd54d60000 - 0x00007ffd54d6a000 	C:\Program Files\Java\jdk-16.0.2\bin\jimage.dll
0x00007ffd60710000 - 0x00007ffd608f4000 	C:\Windows\SYSTEM32\DBGHELP.DLL
0x00007ffd54a20000 - 0x00007ffd54a4c000 	C:\Windows\SYSTEM32\dbgcore.DLL
0x00007ffd6ae20000 - 0x00007ffd6aea0000 	C:\Windows\System32\bcryptPrimitives.dll
0x00007ffd4f770000 - 0x00007ffd4f795000 	C:\Program Files\Java\jdk-16.0.2\bin\java.dll
0x00007ffd6c050000 - 0x00007ffd6c792000 	C:\Windows\System32\SHELL32.dll
0x00007ffd68d90000 - 0x00007ffd69521000 	C:\Windows\SYSTEM32\windows.storage.dll
0x00007ffd6c900000 - 0x00007ffd6cc55000 	C:\Windows\System32\combase.dll
0x00007ffd6a630000 - 0x00007ffd6a65c000 	C:\Windows\SYSTEM32\Wldp.dll
0x00007ffd6be00000 - 0x00007ffd6beae000 	C:\Windows\System32\SHCORE.dll
0x00007ffd6cea0000 - 0x00007ffd6cef5000 	C:\Windows\System32\shlwapi.dll
0x00007ffd6ab70000 - 0x00007ffd6ab8f000 	C:\Windows\SYSTEM32\profapi.dll
0x00007ffd54280000 - 0x00007ffd54299000 	C:\Program Files\Java\jdk-16.0.2\bin\net.dll
0x00007ffd644e0000 - 0x00007ffd645eb000 	C:\Windows\SYSTEM32\WINHTTP.dll
0x00007ffd6a340000 - 0x00007ffd6a3aa000 	C:\Windows\system32\mswsock.dll
0x00007ffd53560000 - 0x00007ffd53573000 	C:\Program Files\Java\jdk-16.0.2\bin\nio.dll
0x00007ffd4f600000 - 0x00007ffd4f618000 	C:\Program Files\Java\jdk-16.0.2\bin\zip.dll
0x00007ffd532a0000 - 0x00007ffd532b0000 	C:\Program Files\Java\jdk-16.0.2\bin\verify.dll
0x00007ffd497e0000 - 0x00007ffd49855000 	C:\Users\Win10\AppData\Local\Temp\lwjglWin10\3.3.1-build-7\lwjgl.dll
0x00007ffd448d0000 - 0x00007ffd44b29000 	C:\Users\Win10\AppData\Local\Temp\lwjglWin10\3.3.1-build-7\jemalloc.dll
0x00007ffd44860000 - 0x00007ffd448c1000 	C:\Users\Win10\AppData\Local\Temp\lwjglWin10\3.3.1-build-7\glfw.dll
0x00007ffd1bb00000 - 0x00007ffd1bb45000 	C:\Windows\SYSTEM32\dinput8.dll
0x00007ffd2a240000 - 0x00007ffd2a251000 	C:\Windows\SYSTEM32\xinput1_4.dll
0x00007ffd6acc0000 - 0x00007ffd6ad0e000 	C:\Windows\System32\cfgmgr32.dll
0x00007ffd6a9e0000 - 0x00007ffd6aa0c000 	C:\Windows\SYSTEM32\DEVOBJ.dll
0x00007ffd68a80000 - 0x00007ffd68aaf000 	C:\Windows\SYSTEM32\dwmapi.dll
0x00007ffd5fd50000 - 0x00007ffd5fea2000 	C:\Windows\SYSTEM32\inputhost.dll
0x00007ffd6cdd0000 - 0x00007ffd6ce9d000 	C:\Windows\System32\OLEAUT32.dll
0x00007ffd67800000 - 0x00007ffd67954000 	C:\Windows\SYSTEM32\wintypes.dll
0x00007ffd68270000 - 0x00007ffd68362000 	C:\Windows\SYSTEM32\CoreMessaging.dll
0x00007ffd66870000 - 0x00007ffd66967000 	C:\Windows\SYSTEM32\PROPSYS.dll
0x00007ffd67f10000 - 0x00007ffd6826e000 	C:\Windows\SYSTEM32\CoreUIComponents.dll
0x00007ffd69970000 - 0x00007ffd699a3000 	C:\Windows\SYSTEM32\ntmarta.dll
0x00007ffd686d0000 - 0x00007ffd6876e000 	C:\Windows\system32\uxtheme.dll
0x00007ffd6c7a0000 - 0x00007ffd6c8b5000 	C:\Windows\System32\MSCTF.dll
0x00007ffd44730000 - 0x00007ffd44856000 	C:\Windows\SYSTEM32\opengl32.dll
0x00007ffd4c410000 - 0x00007ffd4c43c000 	C:\Windows\SYSTEM32\GLU32.dll
0x00007ffd6b8a0000 - 0x00007ffd6b949000 	C:\Windows\System32\clbcatq.dll
0x00007ffcdb510000 - 0x00007ffcde6cb000 	C:\Windows\System32\DriverStore\FileRepository\nv_dispi.inf_amd64_246e95e4066041ad\nvoglv64.dll
0x00007ffd6cfb0000 - 0x00007ffd6d419000 	C:\Windows\System32\SETUPAPI.dll
0x00007ffd6b1a0000 - 0x00007ffd6b1c7000 	C:\Windows\System32\bcrypt.dll
0x00007ffd6b950000 - 0x00007ffd6ba7a000 	C:\Windows\System32\ole32.dll
0x00007ffd669d0000 - 0x00007ffd669e4000 	C:\Windows\SYSTEM32\WTSAPI32.dll
0x00007ffd6a590000 - 0x00007ffd6a59c000 	C:\Windows\SYSTEM32\CRYPTBASE.DLL
0x00007ffd6a820000 - 0x00007ffd6a832000 	C:\Windows\SYSTEM32\msasn1.dll
0x00007ffd64bc0000 - 0x00007ffd64bf1000 	C:\Windows\SYSTEM32\cryptnet.dll
0x00007ffd6afa0000 - 0x00007ffd6b0ff000 	C:\Windows\System32\CRYPT32.dll
0x00007ffd649c0000 - 0x00007ffd64b0a000 	C:\Windows\SYSTEM32\drvstore.dll
0x00007ffd6ac30000 - 0x00007ffd6ac90000 	C:\Windows\System32\WINTRUST.dll
0x00007ffd63de0000 - 0x00007ffd63e1b000 	C:\Windows\SYSTEM32\dxcore.dll
0x00007ffd2c920000 - 0x00007ffd2cbe7000 	C:\Windows\system32\nvspcap64.dll
0x00007ffd6a6f0000 - 0x00007ffd6a73b000 	C:\Windows\SYSTEM32\powrprof.dll
0x00007ffd6a6a0000 - 0x00007ffd6a6b2000 	C:\Windows\SYSTEM32\UMPDC.dll
0x00007ffd6a400000 - 0x00007ffd6a45a000 	C:\Windows\SYSTEM32\WINSTA.dll
0x00007ffd5feb0000 - 0x00007ffd5ffa9000 	C:\Windows\SYSTEM32\textinputframework.dll
0x00007ffd44600000 - 0x00007ffd4465d000 	C:\Users\Win10\AppData\Local\Temp\lwjglWin10\3.3.1-build-7\lwjgl_opengl.dll

dbghelp: loaded successfully - version: 4.0.5 - missing functions: none
symbol engine: initialized successfully - sym options: 0x614 - pdb path: .;C:\Program Files\Java\jdk-16.0.2\bin;C:\Windows\SYSTEM32;C:\Windows\WinSxS\amd64_microsoft.windows.common-controls_6595b64144ccf1df_6.0.19041.844_none_ca00b6081b84eb1d;C:\Program Files\Java\jdk-16.0.2\bin\server;C:\Users\Win10\AppData\Local\Temp\lwjglWin10\3.3.1-build-7;C:\Windows\System32\DriverStore\FileRepository\nv_dispi.inf_amd64_246e95e4066041ad

VM Arguments:
jvm_args: -Dfile.encoding=UTF-8 -XX:+ShowCodeDetailsInExceptionMessages 
java_command: com.casmoopengl.test.Launcher
java_class_path (initial): C:\Users\Win10\eclipse-workspace\com.casmoopengl\JOML\joml-1.10.4 (1).jar;C:\Users\Win10\eclipse-workspace\com.casmoopengl\LWJGL\lwjgl.jar;C:\Users\Win10\eclipse-workspace\com.casmoopengl\LWJGL\lwjgl-assimp.jar;C:\Users\Win10\eclipse-workspace\com.casmoopengl\LWJGL\lwjgl-assimp-javadoc.jar;C:\Users\Win10\eclipse-workspace\com.casmoopengl\LWJGL\lwjgl-assimp-natives-windows.jar;C:\Users\Win10\eclipse-workspace\com.casmoopengl\LWJGL\lwjgl-assimp-sources.jar;C:\Users\Win10\eclipse-workspace\com.casmoopengl\LWJGL\lwjgl-bgfx.jar;C:\Users\Win10\eclipse-workspace\com.casmoopengl\LWJGL\lwjgl-bgfx-javadoc.jar;C:\Users\Win10\eclipse-workspace\com.casmoopengl\LWJGL\lwjgl-bgfx-natives-windows.jar;C:\Users\Win10\eclipse-workspace\com.casmoopengl\LWJGL\lwjgl-bgfx-sources.jar;C:\Users\Win10\eclipse-workspace\com.casmoopengl\LWJGL\lwjgl-cuda.jar;C:\Users\Win10\eclipse-workspace\com.casmoopengl\LWJGL\lwjgl-cuda-javadoc.jar;C:\Users\Win10\eclipse-workspace\com.casmoopengl\LWJGL\lwjgl-cuda-sources.jar;C:\Users\Win10\eclipse-workspace\com.casmoopengl\LWJGL\lwjgl-egl.jar;C:\Users\Win10\eclipse-workspace\com.casmoopengl\LWJGL\lwjgl-egl-javadoc.jar;C:\Users\Win10\eclipse-workspace\com.casmoopengl\LWJGL\lwjgl-egl-sources.jar;C:\Users\Win10\eclipse-workspace\com.casmoopengl\LWJGL\lwjgl-glfw.jar;C:\Users\Win10\eclipse-workspace\com.casmoopengl\LWJGL\lwjgl-glfw-javadoc.jar;C:\Users\Win10\eclipse-workspace\com.casmoopengl\LWJGL\lwjgl-glfw-natives-windows.jar;C:\Users\Win10\eclipse-workspace\com.casmoopengl\LWJGL\lwjgl-glfw-sources.jar;C:\Users\Win10\eclipse-workspace\com.casmoopengl\LWJGL\lwjgl-javadoc.jar;C:\Users\Win10\eclipse-workspace\com.casmoopengl\LWJGL\lwjgl-jawt.jar;C:\Users\Win10\eclipse-workspace\com.casmoopengl\LWJGL\lwjgl-jawt-javadoc.jar;C:\Users\Win10\eclipse-workspace\com.casmoopengl\LWJGL\lwjgl-jawt-sources.jar;C:\Users\Win10\eclipse-workspace\com.casmoopengl\LWJGL\lwjgl-jemalloc.jar;C:\Users\Win10\eclipse-workspace\com.casmoopengl\LWJGL\lwjgl-jemal
Launcher Type: SUN_STANDARD

[Global flags]
     intx CICompilerCount                          = 4                                         {product} {ergonomic}
     uint ConcGCThreads                            = 3                                         {product} {ergonomic}
     uint G1ConcRefinementThreads                  = 10                                        {product} {ergonomic}
   size_t G1HeapRegionSize                         = 2097152                                   {product} {ergonomic}
    uintx GCDrainStackTargetSize                   = 64                                        {product} {ergonomic}
   size_t InitialHeapSize                          = 268435456                                 {product} {ergonomic}
   size_t MarkStackSize                            = 4194304                                   {product} {ergonomic}
   size_t MaxHeapSize                              = 4280287232                                {product} {ergonomic}
   size_t MaxNewSize                               = 2566914048                                {product} {ergonomic}
   size_t MinHeapDeltaBytes                        = 2097152                                   {product} {ergonomic}
   size_t MinHeapSize                              = 8388608                                   {product} {ergonomic}
    uintx NonNMethodCodeHeapSize                   = 5839372                                {pd product} {ergonomic}
    uintx NonProfiledCodeHeapSize                  = 122909434                              {pd product} {ergonomic}
    uintx ProfiledCodeHeapSize                     = 122909434                              {pd product} {ergonomic}
    uintx ReservedCodeCacheSize                    = 251658240                              {pd product} {ergonomic}
     bool SegmentedCodeCache                       = true                                      {product} {ergonomic}
     bool ShowCodeDetailsInExceptionMessages       = true                                   {manageable} {command line}
   size_t SoftMaxHeapSize                          = 4280287232                             {manageable} {ergonomic}
     bool UseCompressedClassPointers               = true                           {product lp64_product} {ergonomic}
     bool UseCompressedOops                        = true                           {product lp64_product} {ergonomic}
     bool UseG1GC                                  = true                                      {product} {ergonomic}
     bool UseLargePagesIndividualAllocation        = false                                  {pd product} {ergonomic}

Logging:
Log output configuration:
 #0: stdout all=warning uptime,level,tags
 #1: stderr all=off uptime,level,tags

Environment Variables:
PATH=c:\users\win10\gcc\bin;c:\users\win10\gcc\libexec\gcc\x86_64-w64-mingw32\12.1.0;C:\Program Files\Common Files\Oracle\Java\javapath;C:\Program Files\NVIDIA GPU Computing Toolkit\CUDA\v11.6\bin;C:\Program Files\NVIDIA GPU Computing Toolkit\CUDA\v11.6\libnvvp;C:\Users\Win10\gcc\libexec\gcc\x86_64-w64-mingw32\10.3.0;C:\Program Files (x86)\VMware\VMware Player\bin\;C:\Windows\system32;C:\Windows;C:\Windows\System32\Wbem;C:\Windows\System32\WindowsPowerShell\v1.0\;C:\Windows\System32\OpenSSH\;C:\Program Files\Microsoft SQL Server\130\Tools\Binn\;C:\Program Files\NVIDIA Corporation\NVIDIA NvDLISR;C:\Program Files\Java\jdk-14.0.2\bin;C:\Program Files\nodejs\;C:\Program Files\Git\cmd;C:\Program Files\dotnet\;C:\Program Files\Microsoft SQL Server\Client SDK\ODBC\170\Tools\Binn\;C:\Program Files\PuTTY\;C:\Program Files\NVIDIA Corporation\Nsight Compute 2022.1.1\;C:\Program Files (x86)\NVIDIA Corporation\PhysX\Common;C:\Program Files\Go\bin;C:\Program Files (x86)\Microsoft SQL Server\150\DTS\Binn\;C:\Program Files\Azure Data Studio\bin;C:\Users\Win10\AppData\Local\Programs\Python\Python310\Scripts\;C:\Users\Win10\AppData\Local\Programs\Python\Python310\;C:\Users\Win10\AppData\Local\activestate\cache\bin;C:\Users\Win10\AppData\Local\ActiveState\StateTool\release;C:\Users\Win10\AppData\Local\Programs\Python\Python39\Scripts\;C:\Users\Win10\AppData\Local\Programs\Python\Python39\;C:\Users\Win10\AppData\Local\Microsoft\WindowsApps;C:\Users\Win10\AppData\Local\Programs\Microsoft VS Code\bin;C:\Program Files\JetBrains\PyCharm Community Edition 2021.1.1\bin;;D:\IntelliJ IDEA Community Edition 2021.1.1\bin;;C:\Users\Win10\AppData\Local\GitHubDesktop\bin;C:\Program Files\JetBrains\PhpStorm 2021.1.3\bin;;C:\Users\Win10\AppData\Roaming\npm;C:\AppServ\Apache24\bin;C:\AppServ\php7;C:\AppServ\MySQL\bin;C:\Users\Win10\IntelliJ IDEA 2021.3.2\bin;;C:\Program Files\JetBrains\GoLand 2021.3.3\bin;;C:\Users\Win10\.dotnet\tools;C:\Users\Win10\go\bin;C:\Program Files\Azure Data Studio\bin
USERNAME=Win10
OS=Windows_NT
PROCESSOR_IDENTIFIER=Intel64 Family 6 Model 165 Stepping 3, GenuineIntel



---------------  S Y S T E M  ---------------

OS:
 Windows 10 , 64 bit Build 19041 (10.0.19041.928)
OS uptime: 0 days 1:16 hours

CPU: total 12 (initial active 12) (6 cores per cpu, 2 threads per core) family 6 model 165 stepping 3 microcode 0xe0, cx8, cmov, fxsr, ht, mmx, 3dnowpref, sse, sse2, sse3, ssse3, sse4.1, sse4.2, popcnt, lzcnt, tsc, tscinvbit, avx, avx2, aes, erms, clmul, bmi1, bmi2, adx, fma, vzeroupper, clflush, clflushopt

Memory: 4k page, system-wide physical 16322M (8756M free)
TotalPageFile size 25026M (AvailPageFile size 12271M)
current process WorkingSet (physical memory assigned to process): 85M, peak: 85M
current process commit charge ("private bytes"): 402M, peak: 402M

vm_info: Java HotSpot(TM) 64-Bit Server VM (16.0.2+7-67) for windows-amd64 JRE (16.0.2+7-67), built on Jun  8 2021 23:24:19 by "mach5one" with MS VC++ 16.7 (VS2019)

END.
